<?xml version="1.0" encoding="UTF-8"?>
<!-- Generated by org.testng.reporters.JUnitReportReporter -->
<testsuite hostname="DESKTOP-6HBH3D4" failures="0" tests="2" name="com.qa.selenium.Firstanimation.LoginTest" time="224.652" errors="0" timestamp="2023-04-29T10:15:10 IST" skipped="0">
  <testcase classname="com.qa.selenium.Firstanimation.LoginTest" name="HelloSigninLaunch" time="154.065"/>
  <system-out/>
  <testcase classname="com.qa.selenium.Firstanimation.LoginTest" name="LaunchingMobile" time="70.587"/>
  <system-out/>
</testsuite> <!-- com.qa.selenium.Firstanimation.LoginTest -->
