<?xml version="1.0" encoding="UTF-8"?>
<!-- Generated by org.testng.reporters.JUnitReportReporter -->
<testsuite hostname="DESKTOP-6HBH3D4" failures="0" tests="3" name="com.qa.selenium.Firstanimation.AmazonTest" time="0.008" errors="0" timestamp="2023-03-26T12:50:20 IST" skipped="0">
  <testcase classname="com.qa.selenium.Firstanimation.AmazonTest" name="SearchItem" time="0.004"/>
  <system-out/>
  <testcase classname="com.qa.selenium.Firstanimation.AmazonTest" name="AddtoCart" time="0.003"/>
  <system-out/>
  <testcase classname="com.qa.selenium.Firstanimation.AmazonTest" name="MakeAPayment" time="0.001"/>
  <system-out/>
</testsuite> <!-- com.qa.selenium.Firstanimation.AmazonTest -->
